<?xml version="1.0" encoding="UTF-8"?>
<!-- Generated by org.testng.reporters.JUnitXMLReporter -->
<testsuite ignored="2" hostname="LAPTOP-IUD55LVT" failures="0" tests="3" name="OrangeHRMLoginTest" time="15.609" errors="0" timestamp="2022-07-19T11:04:54 IST">
  <testcase classname="com.ravi.testng.OrangeTestNG" name="LaunchApp" time="8.871"/>
  <testcase classname="com.ravi.testng.OrangeTestNG" name="EnterLoginDetails" time="4.776"/>
  <testcase classname="com.ravi.testng.OrangeTestNG" name="NavigateToMyInfo" time="1.92"/>
  <testcase classname="com.ravi.testng.OrangeTestNG" name="VerifyLogin" time="0.0">
    <ignored/>
  </testcase> <!-- VerifyLogin -->
  <testcase classname="com.ravi.testng.OrangeTestNG" name="VerifyMyInfo" time="0.0">
    <ignored/>
  </testcase> <!-- VerifyMyInfo -->
</testsuite> <!-- OrangeHRMLoginTest -->
