<?xml version="1.0" encoding="UTF-8"?>
<!-- Generated by org.testng.reporters.JUnitXMLReporter -->
<testsuite ignored="2" hostname="LAPTOP-IUD55LVT" failures="0" tests="3" name="OrangeHRMMyInfo" time="8.0" errors="0" timestamp="2022-07-07T18:18:55 IST">
  <testcase classname="com.ravi.testng.OrangeTestNG" name="LaunchApp" time="4.249"/>
  <testcase classname="com.ravi.testng.OrangeTestNG" name="EnterLoginDetails" time="3.513"/>
  <testcase classname="com.ravi.testng.OrangeTestNG" name="VerifyLogin" time="0.235"/>
  <testcase classname="com.ravi.testng.OrangeTestNG" name="NavigateToMyInfo" time="0.0">
    <ignored/>
  </testcase> <!-- NavigateToMyInfo -->
  <testcase classname="com.ravi.testng.OrangeTestNG" name="VerifyMyInfo" time="0.0">
    <ignored/>
  </testcase> <!-- VerifyMyInfo -->
</testsuite> <!-- OrangeHRMMyInfo -->
