<?xml version="1.0" encoding="UTF-8"?>
<!-- Generated by org.testng.reporters.JUnitXMLReporter -->
<testsuite ignored="7" hostname="LAPTOP-IUD55LVT" failures="0" tests="3" name="SmokeTesting" time="11.722" errors="0" timestamp="2022-07-19T12:31:24 IST">
  <testcase classname="com.ravi.testng.Demo" name="ravi" time="0.007"/>
  <testcase classname="com.ravi.testng.OrangeTestNG" name="EnterLoginDetails" time="10.711"/>
  <testcase classname="com.ravi.testng.FirstTest" name="LounchDriver" time="0.967"/>
  <testcase classname="com.ravi.testng.OrangeTestNG" name="LaunchApp" time="0.0">
    <ignored/>
  </testcase> <!-- LaunchApp -->
  <testcase classname="com.ravi.testng.OrangeTestNG" name="VerifyMyInfo" time="0.0">
    <ignored/>
  </testcase> <!-- VerifyMyInfo -->
  <testcase classname="com.ravi.testng.Demo" name="ravi1" time="0.0">
    <ignored/>
  </testcase> <!-- ravi1 -->
  <testcase classname="com.ravi.testng.FirstTest" name="TestGoogle" time="0.0">
    <ignored/>
  </testcase> <!-- TestGoogle -->
  <testcase classname="com.ravi.testng.OrangeTestNG" name="VerifyLogin" time="0.0">
    <ignored/>
  </testcase> <!-- VerifyLogin -->
  <testcase classname="com.ravi.testng.OrangeTestNG" name="NavigateToMyInfo" time="0.0">
    <ignored/>
  </testcase> <!-- NavigateToMyInfo -->
  <testcase classname="com.ravi.testng.FirstTest" name="TestFacebook" time="0.0">
    <ignored/>
  </testcase> <!-- TestFacebook -->
</testsuite> <!-- SmokeTesting -->
