<?xml version="1.0" encoding="UTF-8"?>
<!-- Generated by org.testng.reporters.JUnitXMLReporter -->
<testsuite ignored="0" hostname="LAPTOP-IUD55LVT" failures="0" tests="4" name="Test1" time="0.052" errors="0" timestamp="2022-07-19T15:41:49 IST">
  <testcase classname="com.ravi.testng.TestClass1" name="testMethod1" time="0.007"/>
  <testcase classname="com.ravi.testng.TestClass1" name="testMethod2" time="0.002"/>
  <testcase classname="com.ravi.testng.TestClass1" name="testMethod3" time="0.0"/>
  <testcase classname="com.ravi.testng.TestClass1" name="testMethod4" time="0.002"/>
</testsuite> <!-- Test1 -->
