<?xml version="1.0" encoding="UTF-8"?>
<!-- Generated by org.testng.reporters.JUnitXMLReporter -->
<testsuite ignored="0" hostname="LAPTOP-IUD55LVT" failures="0" tests="3" name="Test2" time="0.05" errors="0" timestamp="2022-07-19T15:41:49 IST">
  <testcase classname="com.ravi.testng.TestClass2" name="testMethod5" time="0.007"/>
  <testcase classname="com.ravi.testng.TestClass2" name="testMethod6" time="0.001"/>
  <testcase classname="com.ravi.testng.TestClass2" name="testmethod7" time="0.005"/>
</testsuite> <!-- Test2 -->
