<?xml version="1.0" encoding="UTF-8"?>
<!-- Generated by org.testng.reporters.JUnitXMLReporter -->
<testsuite ignored="0" hostname="LAPTOP-IUD55LVT" failures="0" tests="3" name="Test3" time="0.049" errors="0" timestamp="2022-07-19T15:41:49 IST">
  <testcase classname="com.ravi.testng.TestClass3" name="testMethod10" time="0.007"/>
  <testcase classname="com.ravi.testng.TestClass3" name="testmethod8" time="0.0"/>
  <testcase classname="com.ravi.testng.TestClass3" name="testmethod9" time="0.001"/>
</testsuite> <!-- Test3 -->
