<?xml version="1.0" encoding="UTF-8"?>
<testng-results ignored="0" total="1" passed="1" failed="0" skipped="0">
  <reporter-output>
  </reporter-output>
  <suite started-at="2022-07-07T13:08:23 IST" name="Default suite" finished-at="2022-07-07T13:08:35 IST" duration-ms="11535">
    <groups>
    </groups>
    <test started-at="2022-07-07T13:08:23 IST" name="Default test" finished-at="2022-07-07T13:08:35 IST" duration-ms="11535">
      <class name="com.ravi.testng.FirstTest">
        <test-method signature="first()[pri:0, instance:com.ravi.testng.FirstTest@4b8ee4de]" started-at="2022-07-07T13:08:23 IST" name="first" finished-at="2022-07-07T13:08:35 IST" duration-ms="11501" status="PASS">
          <reporter-output>
          </reporter-output>
        </test-method> <!-- first -->
      </class> <!-- com.ravi.testng.FirstTest -->
    </test> <!-- Default test -->
  </suite> <!-- Default suite -->
</testng-results>
